pre script = /home/lte_phy/ti/mcpi_tf/mmwave_sdk_test/mcpitf_scripts/mmwave_sdk/setup.py


cmd: python /home/lte_phy/ti/mcpi_tf/mmwave_sdk_test/mcpitf_scripts/mmwave_sdk/setup.py uda0227080_hs-iwr68
eth008 Board details:
IP address: 10.218.113.74

Port: 17494

connecting...
Relay states 8->1 : 00010101
3 off
4 off
Relay states 8->1 : 00010001
3 on
Relay states 8->1 : 00010101
exit
Disconnected
Pre-Script returned: Success

**************************************************
Testcase mods & parameters invoked:
**************************************************
TwoCoreTest:: slave_case: True, binary_file is xwr68xx_mmwave_full_mss.xer4f, local path is /home/lte_phy/ti/mcpi_tf/mcpi_testframework_1_12_00_01/test/temp/mmWave_SDK___hs_iwr68xx_sdk03.04.00_Test_Plan___mmwave-sdk-03-04-00-2020-03-17-14-18-16_2020_03_17_12_18_16, remote path is http://gtjenkins.itg.ti.com/nightly_builds/mmwave_sdk-dev/261-2020-03-16_19-52-08/artifacts/test/mmwave_sdk/packages/ti/control/mmwave/test/xwr68xx/full, binary_params is gTestSelection(32)=7;gMCPIEnable(32)=1

**************************************************
Copying test case files from the Build server
**************************************************
amk: ARGS['TestcasePath']: http://gtjenkins.itg.ti.com/nightly_builds/mmwave_sdk-dev/261-2020-03-16_19-52-08/artifacts/test/mmwave_sdk/packages/ti/control/mmwave/test/xwr68xx/full

amk: remote_datapath: http://gtjenkins.itg.ti.com/nightly_builds/mmwave_sdk-dev/261-2020-03-16_19-52-08/artifacts/test/mmwave_sdk/packages/ti/control/mmwave/test/xwr68xx/testdata

A testdata directory was not found on build server for this testcase


amk: error logging: testcasepath = http://gtjenkins.itg.ti.com/nightly_builds/mmwave_sdk-dev/261-2020-03-16_19-52-08/artifacts/test/mmwave_sdk/packages/ti/control/mmwave/test/xwr68xx/full
amk: error logging: binaryfile = xwr68xx_mmwave_full_dss.xe674
Copying testcase binary file from http://gtjenkins.itg.ti.com/nightly_builds/mmwave_sdk-dev/261-2020-03-16_19-52-08/artifacts/test/mmwave_sdk/packages/ti/control/mmwave/test/xwr68xx/full/xwr68xx_mmwave_full_dss.xe674 to /home/lte_phy/ti/mcpi_tf/mcpi_testframework_1_12_00_01/test/temp/mmWave_SDK___hs_iwr68xx_sdk03.04.00_Test_Plan___mmwave-sdk-03-04-00-2020-03-17-14-18-16_2020_03_17_12_18_16 using command: 
wget -e robots=off --no-proxy -N -T 30 -t 2 -P /home/lte_phy/ti/mcpi_tf/mcpi_testframework_1_12_00_01/test/temp/mmWave_SDK___hs_iwr68xx_sdk03.04.00_Test_Plan___mmwave-sdk-03-04-00-2020-03-17-14-18-16_2020_03_17_12_18_16 http://gtjenkins.itg.ti.com/nightly_builds/mmwave_sdk-dev/261-2020-03-16_19-52-08/artifacts/test/mmwave_sdk/packages/ti/control/mmwave/test/xwr68xx/full/xwr68xx_mmwave_full_dss.xe674
**************************************************
Executing Testcase:/home/lte_phy/ti/mcpi_tf/mcpi_testframework_1_12_00_01/test/temp/mmWave_SDK___hs_iwr68xx_sdk03.04.00_Test_Plan___mmwave-sdk-03-04-00-2020-03-17-14-18-16_2020_03_17_12_18_16/xwr68xx_mmwave_full_dss.xe674
**************************************************
amk: TwoCoreTest:: slave_case: True, binary_file is xwr68xx_mmwave_full_mss.xer4f, local path is /home/lte_phy/ti/mcpi_tf/mcpi_testframework_1_12_00_01/test/temp/mmWave_SDK___hs_iwr68xx_sdk03.04.00_Test_Plan___mmwave-sdk-03-04-00-2020-03-17-14-18-16_2020_03_17_12_18_16, remote path is http://gtjenkins.itg.ti.com/nightly_builds/mmwave_sdk-dev/261-2020-03-16_19-52-08/artifacts/test/mmwave_sdk/packages/ti/control/mmwave/test/xwr68xx/full, binary_params is gTestSelection(32)=7;gMCPIEnable(32)=1

Checking if Py4J Gateway server has started...
Py4J Gateway Server is Started
Two-core test check: dss_execute_obj.two_core_test: True


amk: a path in detected cpuList is: Texas Instruments XDS110 USB Debug Probe_0/DEBUGSSM_0
amk: a path in detected cpuList is: Texas Instruments XDS110 USB Debug Probe_0/CS_DAP_0
amk: a path in detected cpuList is: Texas Instruments XDS110 USB Debug Probe_0/Cortex_R4_0
Slave core now opening debug session, cpuName = Cortex_R4_0.

amk: Loading slave core binary:/home/lte_phy/ti/mcpi_tf/mcpi_testframework_1_12_00_01/test/temp/mmWave_SDK___hs_iwr68xx_sdk03.04.00_Test_Plan___mmwave-sdk-03-04-00-2020-03-17-14-18-16_2020_03_17_12_18_16/xwr68xx_mmwave_full_mss.xer4f
amk: Updating slave binary parameters:/home/lte_phy/ti/mcpi_tf/mcpi_testframework_1_12_00_01/test/temp/mmWave_SDK___hs_iwr68xx_sdk03.04.00_Test_Plan___mmwave-sdk-03-04-00-2020-03-17-14-18-16_2020_03_17_12_18_16/xwr68xx_mmwave_full_mss.xer4f

**************************************************
 Parameters found in the Binary arguments : 
{'gTestSelection(32)': '7', 'gMCPIEnable(32)': '1'}
**************************************************
Reading address of symbol: gTestSelection
Address of symbol obtained: 0x800da2c
Write value 7 to address 0x800da2c 
Value updated successfully
Reading address of symbol: gMCPIEnable
Address of symbol obtained: 0x800da28
Write value 1 to address 0x800da28 
Value updated successfully
amk: a path in detected cpuList is Texas Instruments XDS110 USB Debug Probe_0/DEBUGSSM_0
amk: a path in detected cpuList is Texas Instruments XDS110 USB Debug Probe_0/CS_DAP_0
amk: a path in detected cpuList is Texas Instruments XDS110 USB Debug Probe_0/Cortex_R4_0
amk: a path in detected cpuList is Texas Instruments XDS110 USB Debug Probe_0/CSETB_0
amk: a path in detected cpuList is Texas Instruments XDS110 USB Debug Probe_0/IcePick_M_0
amk: a path in detected cpuList is Texas Instruments XDS110 USB Debug Probe_0/C674X_0
Master core now opening debug session, cpuName = C674X_0.

Loading binary to the DUT:/home/lte_phy/ti/mcpi_tf/mcpi_testframework_1_12_00_01/test/temp/mmWave_SDK___hs_iwr68xx_sdk03.04.00_Test_Plan___mmwave-sdk-03-04-00-2020-03-17-14-18-16_2020_03_17_12_18_16/xwr68xx_mmwave_full_dss.xe674

**************************************************
 Parameters found in the Binary arguments : 
{'gTestSelection(32)': '7', 'gMCPIEnable(32)': '1'}
**************************************************
Reading address of symbol: gTestSelection
Address of symbol obtained: 0x813f34
Write value 7 to address 0x813f34 
Value updated successfully
Reading address of symbol: gMCPIEnable
Address of symbol obtained: 0x813f18
Write value 1 to address 0x813f18 
Value updated successfully
binary path = /home/lte_phy/ti/mcpi_tf/mcpi_testframework_1_12_00_01/test/temp/mmWave_SDK___hs_iwr68xx_sdk03.04.00_Test_Plan___mmwave-sdk-03-04-00-2020-03-17-14-18-16_2020_03_17_12_18_16/xwr68xx_mmwave_full_dss.xe674


**************************************************
CIO Log captured for the testcase
**************************************************
******************************************
Debug: Launching the mmwaveLink
******************************************
Debug: Launching BIOS
***************************************************
Waiting for the test selection to be entered by MSS
In CCS: Set the Global Variable 'gTestSelection'
***************************************************
Feature: MMWave DSS [Cooperative Mode] Initialization: Passed
Feature: MMWave DSS Synchronization: Passed
Feature: MMWave Add Profile: Passed
Feature: MMWave Add Profile: Passed
Feature: MMWave Add Chirp: Passed
Feature: MMWave Add Chirp: Passed
Feature: MMWave Add BPM Chirp: Passed
Debug: BSS Event MsgId: 128 [Sub Block Id: 4100 Sub Block Length: 20]
Debug: Init Calibration Status = 0x1ffe
Feature: MMWave DSS Open: Passed
Feature: MMWave DSS Open Callback: Passed
Feature: MMWave DSS Configuration: Passed
Feature: MMWave DSS Configuration Callback: Passed
Debug: BSS Event MsgId: 128 [Sub Block Id: 4114 Sub Block Length: 20]
Feature: MMWave DSS Start: Passed
Debug: BSS Event MsgId: 128 [Sub Block Id: 4107 Sub Block Length: 0]
Feature: MMWave DSS Start Callback: Passed
Feature: MMWave DSS Stop: Passed
Feature: MMWave DSS Stop Callback: Passed
Feature: MMWave DSS Close: Passed
Feature: MMWave DSS Close Callback: Passed
Feature: MMWave DSS Deinitialized: Passed
 Block Id: 4114 Sub Block Length: 20]
Debug: BSS Event MsgId: 128 [Sub Block Id: 4107 Sub Block Length: 0]
Feature: MMWave MSS Stop Callback: Passed
Value read from Global variable (MCPI_Result): 0
Test Failure Signature: 0
Test Log Messages: 
Feature tested: MMWave DSS [Cooperative Mode] Initialization: Passed
Feature tested: MMWave DSS Synchronization: Passed
Feature tested: MMWave Add Profile: Passed
Feature tested: MMWave Add Profile: Passed
Feature tested: MMWave Add Chirp: Passed
Feature tested: MMWave Add Chirp: Passed
Feature tested: MMWave Add BPM Chirp: Passed
Feature tested: MMWave DSS Open: Passed
Feature tested: MMWave DSS Open Callback: Passed
Feature tested: MMWave DSS Configuration: Passed
Feature tested: MMWave DSS Configuration Callback: Passed
Feature tested: MMWave DSS Start: Passed
Feature tested: MMWave DSS Start Callback: Passed
Feature tested: MMWave DSS Stop: Passed
Feature tested: MMWave DSS Stop Callback: Passed
Feature tested: MMWave DSS Close: Passed
Feature tested: MMWave DSS Close Callback: Passed
Feature tested: MMWave DSS Deinitialized: Passed


shutting down py4j gw server.


**************************************************
Terminating the debug session and Shutting down gateway.
**************************************************

**************************************************
Test case execution completed
**************************************************

**************************************************
Testcase Result : PASS
**************************************************
