eth008 Board details:
IP address: 10.218.113.68

Port: 17494

connecting...
Relay states 8->1 : 00010001
5 off
7 off
6 off
Relay states 8->1 : 00000001
5 on
Relay states 8->1 : 00010001
exit
Disconnected
Pre-Script returned: Success

**************************************************
Testcase mods & parameters invoked:
**************************************************
TwoCoreTest:: slave_case: True, binary_file is xwr18xx_mmwave_minimal_mss.xer4f, local path is /home/lte_phy/ti/mcpi_tf/mcpi_testframework_1_12_00_01/test/temp/mmWave_SDK___hs_awr18xx_sdk03.04.00_Test_Plan___mmwave-sdk-03-04-00-2020-03-17-05-23-41_2020_03_17_03_23_41, remote path is http://gtjenkins.itg.ti.com/nightly_builds/mmwave_sdk-dev/261-2020-03-16_19-52-08/artifacts/test/mmwave_sdk/packages/ti/control/mmwave/test/xwr18xx/minimal, binary_params is gTestSelection(32)=3

**************************************************
Copying test case files from the Build server
**************************************************
amk: ARGS['TestcasePath']: http://gtjenkins.itg.ti.com/nightly_builds/mmwave_sdk-dev/261-2020-03-16_19-52-08/artifacts/test/mmwave_sdk/packages/ti/control/mmwave/test/xwr18xx/minimal

amk: remote_datapath: http://gtjenkins.itg.ti.com/nightly_builds/mmwave_sdk-dev/261-2020-03-16_19-52-08/artifacts/test/mmwave_sdk/packages/ti/control/mmwave/test/xwr18xx/testdata

A testdata directory was not found on build server for this testcase


amk: error logging: testcasepath = http://gtjenkins.itg.ti.com/nightly_builds/mmwave_sdk-dev/261-2020-03-16_19-52-08/artifacts/test/mmwave_sdk/packages/ti/control/mmwave/test/xwr18xx/minimal
amk: error logging: binaryfile = xwr18xx_mmwave_minimal_dss.xe674
Copying testcase binary file from http://gtjenkins.itg.ti.com/nightly_builds/mmwave_sdk-dev/261-2020-03-16_19-52-08/artifacts/test/mmwave_sdk/packages/ti/control/mmwave/test/xwr18xx/minimal/xwr18xx_mmwave_minimal_dss.xe674 to /home/lte_phy/ti/mcpi_tf/mcpi_testframework_1_12_00_01/test/temp/mmWave_SDK___hs_awr18xx_sdk03.04.00_Test_Plan___mmwave-sdk-03-04-00-2020-03-17-05-23-41_2020_03_17_03_23_41 using command: 
wget -e robots=off --no-proxy -N -T 30 -t 2 -P /home/lte_phy/ti/mcpi_tf/mcpi_testframework_1_12_00_01/test/temp/mmWave_SDK___hs_awr18xx_sdk03.04.00_Test_Plan___mmwave-sdk-03-04-00-2020-03-17-05-23-41_2020_03_17_03_23_41 http://gtjenkins.itg.ti.com/nightly_builds/mmwave_sdk-dev/261-2020-03-16_19-52-08/artifacts/test/mmwave_sdk/packages/ti/control/mmwave/test/xwr18xx/minimal/xwr18xx_mmwave_minimal_dss.xe674
**************************************************
Executing Testcase:/home/lte_phy/ti/mcpi_tf/mcpi_testframework_1_12_00_01/test/temp/mmWave_SDK___hs_awr18xx_sdk03.04.00_Test_Plan___mmwave-sdk-03-04-00-2020-03-17-05-23-41_2020_03_17_03_23_41/xwr18xx_mmwave_minimal_dss.xe674
**************************************************
amk: TwoCoreTest:: slave_case: True, binary_file is xwr18xx_mmwave_minimal_mss.xer4f, local path is /home/lte_phy/ti/mcpi_tf/mcpi_testframework_1_12_00_01/test/temp/mmWave_SDK___hs_awr18xx_sdk03.04.00_Test_Plan___mmwave-sdk-03-04-00-2020-03-17-05-23-41_2020_03_17_03_23_41, remote path is http://gtjenkins.itg.ti.com/nightly_builds/mmwave_sdk-dev/261-2020-03-16_19-52-08/artifacts/test/mmwave_sdk/packages/ti/control/mmwave/test/xwr18xx/minimal, binary_params is gTestSelection(32)=3

Checking if Py4J Gateway server has started...
Py4J Gateway Server is Started
Two-core test check: dss_execute_obj.two_core_test: True


amk: a path in detected cpuList is: Texas Instruments XDS110 USB Debug Probe_0/DEBUGSSM_0
amk: a path in detected cpuList is: Texas Instruments XDS110 USB Debug Probe_0/CS_DAP_0
amk: a path in detected cpuList is: Texas Instruments XDS110 USB Debug Probe_0/Cortex_R4_0
Slave core now opening debug session, cpuName = Cortex_R4_0.

amk: Loading slave core binary:/home/lte_phy/ti/mcpi_tf/mcpi_testframework_1_12_00_01/test/temp/mmWave_SDK___hs_awr18xx_sdk03.04.00_Test_Plan___mmwave-sdk-03-04-00-2020-03-17-05-23-41_2020_03_17_03_23_41/xwr18xx_mmwave_minimal_mss.xer4f
amk: Updating slave binary parameters:/home/lte_phy/ti/mcpi_tf/mcpi_testframework_1_12_00_01/test/temp/mmWave_SDK___hs_awr18xx_sdk03.04.00_Test_Plan___mmwave-sdk-03-04-00-2020-03-17-05-23-41_2020_03_17_03_23_41/xwr18xx_mmwave_minimal_mss.xer4f

**************************************************
 Parameters found in the Binary arguments : 
{'gTestSelection(32)': '3'}
**************************************************
Reading address of symbol: gTestSelection
Address of symbol obtained: 0x800da48
Write value 3 to address 0x800da48 
Value updated successfully
amk: a path in detected cpuList is Texas Instruments XDS110 USB Debug Probe_0/DEBUGSSM_0
amk: a path in detected cpuList is Texas Instruments XDS110 USB Debug Probe_0/CS_DAP_0
amk: a path in detected cpuList is Texas Instruments XDS110 USB Debug Probe_0/Cortex_R4_0
amk: a path in detected cpuList is Texas Instruments XDS110 USB Debug Probe_0/CSETB_0
amk: a path in detected cpuList is Texas Instruments XDS110 USB Debug Probe_0/IcePick_M_0
amk: a path in detected cpuList is Texas Instruments XDS110 USB Debug Probe_0/C674X_0
Master core now opening debug session, cpuName = C674X_0.

Loading binary to the DUT:/home/lte_phy/ti/mcpi_tf/mcpi_testframework_1_12_00_01/test/temp/mmWave_SDK___hs_awr18xx_sdk03.04.00_Test_Plan___mmwave-sdk-03-04-00-2020-03-17-05-23-41_2020_03_17_03_23_41/xwr18xx_mmwave_minimal_dss.xe674

**************************************************
 Parameters found in the Binary arguments : 
{'gTestSelection(32)': '3'}
**************************************************
Reading address of symbol: gTestSelection
Address of symbol obtained: 0x8102c0
Write value 3 to address 0x8102c0 
Value updated successfully
binary path = /home/lte_phy/ti/mcpi_tf/mcpi_testframework_1_12_00_01/test/temp/mmWave_SDK___hs_awr18xx_sdk03.04.00_Test_Plan___mmwave-sdk-03-04-00-2020-03-17-05-23-41_2020_03_17_03_23_41/xwr18xx_mmwave_minimal_dss.xe674


**************************************************
CIO Log captured for the testcase
**************************************************
******************************************
Debug: Launching the mmwaveLink
******************************************
Debug: Launching BIOS
***************************************************
Waiting for the test selection to be entered by MSS
In CCS: Set the Global Variable 'gTestSelection'
***************************************************
Feature: MMWave DSS [Cooperative Mode] Initialization: Passed
FeatuFeature: MMWave MSS Synchronization: PaDebug: BSS Event MsgId: 128 [Sub Block Id: 4100 Sub Block Length: 20]
FeatuFeature: MMWave MSS Open: Passed
Feature: MMWave Feature: MMWave DSS Start Callback: Passed
Feature: MMWave DSS Configuration Callback: Passed
Debug: BSS Event MsgId: 128 [Sub Block Id: 4114 Sub Block Length: 20]
Debug: BSS Event MsgId: 128 [Sub Block Id: 4107 Sub Block Length: 0]
Feature: MMWave DSS Stop Callback: Passed
Feature: MMWave DSS Close Callback: Passed
Feature: MMWave DSS Deinitialized: Passed
Debug: mmWave Unit Tests completed successfully
sed
Feature: MMWave MSS Stop Callback: Passed
Feature: MMWave MSS Close: Passed
Value read from Global variable (MCPI_Result): 0
Test Failure Signature: 0
Test Log Messages: 
Feature tested: MMWave DSS [Cooperative Mode] Initialization: Passed
Feature tested: MMWave DSS Synchronization: Passed
Feature tested: MMWave Open Configuration Validation: Passed
Feature tested: MMWave DSS Start Callback: Passed
Feature tested: MMWave DSS Configuration Callback: Passed
Feature tested: MMWave DSS Stop Callback: Passed
Feature tested: MMWave DSS Close Callback: Passed
Feature tested: MMWave DSS Deinitialized: Passed


shutting down py4j gw server.


**************************************************
Terminating the debug session and Shutting down gateway.
**************************************************

**************************************************
Test case execution completed
**************************************************

**************************************************
Testcase Result : PASS
**************************************************
SS [Cooperative Mode] Initialization: Passed
FeatuFeature: MMWave MSS Synchronization: PaDebug: BSS Event MsgId: 128 [Sub Block Id: 4100 Sub Block Length: 20]
FeatuFeature: MMWave MSS Open: Passed
Feature: MMWave Feature: MMWave DSS Start Callback: Passed
Feature: MMWave DSS Configuration Callback: Passed
Debug: BSS Event MsgId: 128 [Sub Block Id: 4114 Sub Block Length: 20]
Debug: BSS Event MsgId: 128 [Sub Block Id: 4107 Sub Block Length: 0]
Feature: MMWave DSS Stop Callback: Passed
Feature: MMWave DSS Close Callback: Passed
Feature: MMWave DSS Deinitialized: Passed
Debug: mmWave Unit Tests completed successfully
sed
Feature: MMWave MSS Stop Callback: Passed
Feature: MMWave MSS Close: Passed
